2020-06-28T14:50:01+00:00 CRITICAL Uncaught Error: Call to a member function get_attributes() on bool in /home/inditclx/public_html/wp-content/plugins/perzonalization/perzonalization.php:671
Stack trace:
#0 /home/inditclx/public_html/wp-includes/class-wp-hook.php(287): {closure}('')
#1 /home/inditclx/public_html/wp-includes/class-wp-hook.php(311): WP_Hook->apply_filters(NULL, Array)
#2 /home/inditclx/public_html/wp-includes/plugin.php(478): WP_Hook->do_action(Array)
#3 /home/inditclx/public_html/wp-includes/general-template.php(2884): do_action('wp_head')
#4 /home/inditclx/public_html/wp-content/themes/woovina/header.php(14): wp_head()
#5 /home/inditclx/public_html/wp-includes/template.php(723): require_once('/home/inditclx/...')
#6 /home/inditclx/public_html/wp-includes/template.php(672): load_template('/home/inditclx/...', true)
#7 /home/inditclx/public_html/wp-includes/general-template.php(41): locate_template(Array, true)
#8 /home/inditclx/public_html/wp-content/themes/woovina/page.php(12): get_header()
#9 /home/inditclx/public_html/wp-inc in /home/inditclx/public_html/wp-content/plugins/perzonalization/perzonalization.php on line 671

2020-06-28T14:50:27+00:00 CRITICAL Uncaught Error: Call to a member function get_attributes() on bool in /home/inditclx/public_html/wp-content/plugins/perzonalization/perzonalization.php:671
Stack trace:
#0 /home/inditclx/public_html/wp-includes/class-wp-hook.php(287): {closure}('')
#1 /home/inditclx/public_html/wp-includes/class-wp-hook.php(311): WP_Hook->apply_filters(NULL, Array)
#2 /home/inditclx/public_html/wp-includes/plugin.php(478): WP_Hook->do_action(Array)
#3 /home/inditclx/public_html/wp-includes/general-template.php(2884): do_action('wp_head')
#4 /home/inditclx/public_html/wp-content/themes/woovina/header.php(14): wp_head()
#5 /home/inditclx/public_html/wp-includes/template.php(723): require_once('/home/inditclx/...')
#6 /home/inditclx/public_html/wp-includes/template.php(672): load_template('/home/inditclx/...', true)
#7 /home/inditclx/public_html/wp-includes/general-template.php(41): locate_template(Array, true)
#8 /home/inditclx/public_html/wp-content/themes/woovina/page.php(12): get_header()
#9 /home/inditclx/public_html/wp-inc in /home/inditclx/public_html/wp-content/plugins/perzonalization/perzonalization.php on line 671

2020-06-28T14:50:45+00:00 CRITICAL Uncaught Error: Call to a member function get_attributes() on bool in /home/inditclx/public_html/wp-content/plugins/perzonalization/perzonalization.php:671
Stack trace:
#0 /home/inditclx/public_html/wp-includes/class-wp-hook.php(287): {closure}('')
#1 /home/inditclx/public_html/wp-includes/class-wp-hook.php(311): WP_Hook->apply_filters(NULL, Array)
#2 /home/inditclx/public_html/wp-includes/plugin.php(478): WP_Hook->do_action(Array)
#3 /home/inditclx/public_html/wp-includes/general-template.php(2884): do_action('wp_head')
#4 /home/inditclx/public_html/wp-content/themes/woovina/header.php(14): wp_head()
#5 /home/inditclx/public_html/wp-includes/template.php(723): require_once('/home/inditclx/...')
#6 /home/inditclx/public_html/wp-includes/template.php(672): load_template('/home/inditclx/...', true)
#7 /home/inditclx/public_html/wp-includes/general-template.php(41): locate_template(Array, true)
#8 /home/inditclx/public_html/wp-content/plugins/woocommerce/templates/single-product.php(22): get_header('shop')
#9 /h in /home/inditclx/public_html/wp-content/plugins/perzonalization/perzonalization.php on line 671

2020-06-28T14:50:49+00:00 CRITICAL Uncaught Error: Call to a member function get_attributes() on bool in /home/inditclx/public_html/wp-content/plugins/perzonalization/perzonalization.php:671
Stack trace:
#0 /home/inditclx/public_html/wp-includes/class-wp-hook.php(287): {closure}('')
#1 /home/inditclx/public_html/wp-includes/class-wp-hook.php(311): WP_Hook->apply_filters(NULL, Array)
#2 /home/inditclx/public_html/wp-includes/plugin.php(478): WP_Hook->do_action(Array)
#3 /home/inditclx/public_html/wp-includes/general-template.php(2884): do_action('wp_head')
#4 /home/inditclx/public_html/wp-content/themes/woovina/header.php(14): wp_head()
#5 /home/inditclx/public_html/wp-includes/template.php(723): require_once('/home/inditclx/...')
#6 /home/inditclx/public_html/wp-includes/template.php(672): load_template('/home/inditclx/...', true)
#7 /home/inditclx/public_html/wp-includes/general-template.php(41): locate_template(Array, true)
#8 /home/inditclx/public_html/wp-content/themes/woovina/page.php(12): get_header()
#9 /home/inditclx/public_html/wp-inc in /home/inditclx/public_html/wp-content/plugins/perzonalization/perzonalization.php on line 671

2020-06-28T14:50:49+00:00 CRITICAL Uncaught Error: Call to a member function get_attributes() on bool in /home/inditclx/public_html/wp-content/plugins/perzonalization/perzonalization.php:671
Stack trace:
#0 /home/inditclx/public_html/wp-includes/class-wp-hook.php(287): {closure}('')
#1 /home/inditclx/public_html/wp-includes/class-wp-hook.php(311): WP_Hook->apply_filters(NULL, Array)
#2 /home/inditclx/public_html/wp-includes/plugin.php(478): WP_Hook->do_action(Array)
#3 /home/inditclx/public_html/wp-includes/general-template.php(2884): do_action('wp_head')
#4 /home/inditclx/public_html/wp-content/themes/woovina/header.php(14): wp_head()
#5 /home/inditclx/public_html/wp-includes/template.php(723): require_once('/home/inditclx/...')
#6 /home/inditclx/public_html/wp-includes/template.php(672): load_template('/home/inditclx/...', true)
#7 /home/inditclx/public_html/wp-includes/general-template.php(41): locate_template(Array, true)
#8 /home/inditclx/public_html/wp-content/plugins/elementor/modules/page-templates/templates/header-footer.php(9): get_h in /home/inditclx/public_html/wp-content/plugins/perzonalization/perzonalization.php on line 671

2020-06-28T14:51:03+00:00 CRITICAL Uncaught Error: Call to a member function get_attributes() on bool in /home/inditclx/public_html/wp-content/plugins/perzonalization/perzonalization.php:671
Stack trace:
#0 /home/inditclx/public_html/wp-includes/class-wp-hook.php(287): {closure}('')
#1 /home/inditclx/public_html/wp-includes/class-wp-hook.php(311): WP_Hook->apply_filters(NULL, Array)
#2 /home/inditclx/public_html/wp-includes/plugin.php(478): WP_Hook->do_action(Array)
#3 /home/inditclx/public_html/wp-includes/general-template.php(2884): do_action('wp_head')
#4 /home/inditclx/public_html/wp-content/themes/woovina/header.php(14): wp_head()
#5 /home/inditclx/public_html/wp-includes/template.php(723): require_once('/home/inditclx/...')
#6 /home/inditclx/public_html/wp-includes/template.php(672): load_template('/home/inditclx/...', true)
#7 /home/inditclx/public_html/wp-includes/general-template.php(41): locate_template(Array, true)
#8 /home/inditclx/public_html/wp-content/plugins/elementor/modules/page-templates/templates/header-footer.php(9): get_h in /home/inditclx/public_html/wp-content/plugins/perzonalization/perzonalization.php on line 671

2020-06-28T14:51:53+00:00 CRITICAL Uncaught Error: Call to a member function get_attributes() on bool in /home/inditclx/public_html/wp-content/plugins/perzonalization/perzonalization.php:671
Stack trace:
#0 /home/inditclx/public_html/wp-includes/class-wp-hook.php(287): {closure}('')
#1 /home/inditclx/public_html/wp-includes/class-wp-hook.php(311): WP_Hook->apply_filters(NULL, Array)
#2 /home/inditclx/public_html/wp-includes/plugin.php(478): WP_Hook->do_action(Array)
#3 /home/inditclx/public_html/wp-includes/general-template.php(2884): do_action('wp_head')
#4 /home/inditclx/public_html/wp-content/themes/woovina/header.php(14): wp_head()
#5 /home/inditclx/public_html/wp-includes/template.php(723): require_once('/home/inditclx/...')
#6 /home/inditclx/public_html/wp-includes/template.php(672): load_template('/home/inditclx/...', true)
#7 /home/inditclx/public_html/wp-includes/general-template.php(41): locate_template(Array, true)
#8 /home/inditclx/public_html/wp-content/plugins/elementor/modules/page-templates/templates/header-footer.php(9): get_h in /home/inditclx/public_html/wp-content/plugins/perzonalization/perzonalization.php on line 671

2020-06-28T14:55:03+00:00 CRITICAL Uncaught Error: Call to a member function get_attributes() on bool in /home/inditclx/public_html/wp-content/plugins/perzonalization/perzonalization.php:671
Stack trace:
#0 /home/inditclx/public_html/wp-includes/class-wp-hook.php(287): {closure}('')
#1 /home/inditclx/public_html/wp-includes/class-wp-hook.php(311): WP_Hook->apply_filters(NULL, Array)
#2 /home/inditclx/public_html/wp-includes/plugin.php(478): WP_Hook->do_action(Array)
#3 /home/inditclx/public_html/wp-includes/general-template.php(2884): do_action('wp_head')
#4 /home/inditclx/public_html/wp-content/themes/woovina/header.php(14): wp_head()
#5 /home/inditclx/public_html/wp-includes/template.php(723): require_once('/home/inditclx/...')
#6 /home/inditclx/public_html/wp-includes/template.php(672): load_template('/home/inditclx/...', true)
#7 /home/inditclx/public_html/wp-includes/general-template.php(41): locate_template(Array, true)
#8 /home/inditclx/public_html/wp-content/plugins/elementor/modules/page-templates/templates/header-footer.php(9): get_h in /home/inditclx/public_html/wp-content/plugins/perzonalization/perzonalization.php on line 671

2020-06-28T14:56:25+00:00 CRITICAL Uncaught Error: Call to a member function get_attributes() on bool in /home/inditclx/public_html/wp-content/plugins/perzonalization/perzonalization.php:671
Stack trace:
#0 /home/inditclx/public_html/wp-includes/class-wp-hook.php(287): {closure}('')
#1 /home/inditclx/public_html/wp-includes/class-wp-hook.php(311): WP_Hook->apply_filters(NULL, Array)
#2 /home/inditclx/public_html/wp-includes/plugin.php(478): WP_Hook->do_action(Array)
#3 /home/inditclx/public_html/wp-includes/general-template.php(2884): do_action('wp_head')
#4 /home/inditclx/public_html/wp-content/themes/woovina/header.php(14): wp_head()
#5 /home/inditclx/public_html/wp-includes/template.php(723): require_once('/home/inditclx/...')
#6 /home/inditclx/public_html/wp-includes/template.php(672): load_template('/home/inditclx/...', true)
#7 /home/inditclx/public_html/wp-includes/general-template.php(41): locate_template(Array, true)
#8 /home/inditclx/public_html/wp-content/themes/woovina/page.php(12): get_header()
#9 /home/inditclx/public_html/wp-inc in /home/inditclx/public_html/wp-content/plugins/perzonalization/perzonalization.php on line 671

2020-06-28T14:56:33+00:00 CRITICAL Uncaught Error: Call to a member function get_attributes() on bool in /home/inditclx/public_html/wp-content/plugins/perzonalization/perzonalization.php:671
Stack trace:
#0 /home/inditclx/public_html/wp-includes/class-wp-hook.php(287): {closure}('')
#1 /home/inditclx/public_html/wp-includes/class-wp-hook.php(311): WP_Hook->apply_filters(NULL, Array)
#2 /home/inditclx/public_html/wp-includes/plugin.php(478): WP_Hook->do_action(Array)
#3 /home/inditclx/public_html/wp-includes/general-template.php(2884): do_action('wp_head')
#4 /home/inditclx/public_html/wp-content/themes/woovina/header.php(14): wp_head()
#5 /home/inditclx/public_html/wp-includes/template.php(723): require_once('/home/inditclx/...')
#6 /home/inditclx/public_html/wp-includes/template.php(672): load_template('/home/inditclx/...', true)
#7 /home/inditclx/public_html/wp-includes/general-template.php(41): locate_template(Array, true)
#8 /home/inditclx/public_html/wp-content/themes/woovina/page.php(12): get_header()
#9 /home/inditclx/public_html/wp-inc in /home/inditclx/public_html/wp-content/plugins/perzonalization/perzonalization.php on line 671

2020-06-28T14:56:44+00:00 CRITICAL Uncaught Error: Call to a member function get_attributes() on bool in /home/inditclx/public_html/wp-content/plugins/perzonalization/perzonalization.php:671
Stack trace:
#0 /home/inditclx/public_html/wp-includes/class-wp-hook.php(287): {closure}('')
#1 /home/inditclx/public_html/wp-includes/class-wp-hook.php(311): WP_Hook->apply_filters(NULL, Array)
#2 /home/inditclx/public_html/wp-includes/plugin.php(478): WP_Hook->do_action(Array)
#3 /home/inditclx/public_html/wp-includes/general-template.php(2884): do_action('wp_head')
#4 /home/inditclx/public_html/wp-content/themes/woovina/header.php(14): wp_head()
#5 /home/inditclx/public_html/wp-includes/template.php(723): require_once('/home/inditclx/...')
#6 /home/inditclx/public_html/wp-includes/template.php(672): load_template('/home/inditclx/...', true)
#7 /home/inditclx/public_html/wp-includes/general-template.php(41): locate_template(Array, true)
#8 /home/inditclx/public_html/wp-content/themes/woovina/page.php(12): get_header()
#9 /home/inditclx/public_html/wp-inc in /home/inditclx/public_html/wp-content/plugins/perzonalization/perzonalization.php on line 671

2020-06-28T14:56:53+00:00 CRITICAL Uncaught Error: Call to a member function get_attributes() on bool in /home/inditclx/public_html/wp-content/plugins/perzonalization/perzonalization.php:671
Stack trace:
#0 /home/inditclx/public_html/wp-includes/class-wp-hook.php(287): {closure}('')
#1 /home/inditclx/public_html/wp-includes/class-wp-hook.php(311): WP_Hook->apply_filters(NULL, Array)
#2 /home/inditclx/public_html/wp-includes/plugin.php(478): WP_Hook->do_action(Array)
#3 /home/inditclx/public_html/wp-includes/general-template.php(2884): do_action('wp_head')
#4 /home/inditclx/public_html/wp-content/themes/woovina/header.php(14): wp_head()
#5 /home/inditclx/public_html/wp-includes/template.php(723): require_once('/home/inditclx/...')
#6 /home/inditclx/public_html/wp-includes/template.php(672): load_template('/home/inditclx/...', true)
#7 /home/inditclx/public_html/wp-includes/general-template.php(41): locate_template(Array, true)
#8 /home/inditclx/public_html/wp-content/themes/woovina/page.php(12): get_header()
#9 /home/inditclx/public_html/wp-inc in /home/inditclx/public_html/wp-content/plugins/perzonalization/perzonalization.php on line 671

2020-06-28T14:57:12+00:00 CRITICAL Uncaught Error: Call to a member function get_attributes() on bool in /home/inditclx/public_html/wp-content/plugins/perzonalization/perzonalization.php:671
Stack trace:
#0 /home/inditclx/public_html/wp-includes/class-wp-hook.php(287): {closure}('')
#1 /home/inditclx/public_html/wp-includes/class-wp-hook.php(311): WP_Hook->apply_filters(NULL, Array)
#2 /home/inditclx/public_html/wp-includes/plugin.php(478): WP_Hook->do_action(Array)
#3 /home/inditclx/public_html/wp-includes/general-template.php(2884): do_action('wp_head')
#4 /home/inditclx/public_html/wp-content/themes/woovina/header.php(14): wp_head()
#5 /home/inditclx/public_html/wp-includes/template.php(723): require_once('/home/inditclx/...')
#6 /home/inditclx/public_html/wp-includes/template.php(672): load_template('/home/inditclx/...', true)
#7 /home/inditclx/public_html/wp-includes/general-template.php(41): locate_template(Array, true)
#8 /home/inditclx/public_html/wp-content/themes/woovina/page.php(12): get_header()
#9 /home/inditclx/public_html/wp-inc in /home/inditclx/public_html/wp-content/plugins/perzonalization/perzonalization.php on line 671

2020-06-28T14:57:13+00:00 CRITICAL Uncaught Error: Call to a member function get_attributes() on bool in /home/inditclx/public_html/wp-content/plugins/perzonalization/perzonalization.php:671
Stack trace:
#0 /home/inditclx/public_html/wp-includes/class-wp-hook.php(287): {closure}('')
#1 /home/inditclx/public_html/wp-includes/class-wp-hook.php(311): WP_Hook->apply_filters(NULL, Array)
#2 /home/inditclx/public_html/wp-includes/plugin.php(478): WP_Hook->do_action(Array)
#3 /home/inditclx/public_html/wp-includes/general-template.php(2884): do_action('wp_head')
#4 /home/inditclx/public_html/wp-content/themes/woovina/header.php(14): wp_head()
#5 /home/inditclx/public_html/wp-includes/template.php(723): require_once('/home/inditclx/...')
#6 /home/inditclx/public_html/wp-includes/template.php(672): load_template('/home/inditclx/...', true)
#7 /home/inditclx/public_html/wp-includes/general-template.php(41): locate_template(Array, true)
#8 /home/inditclx/public_html/wp-content/themes/woovina/page.php(12): get_header()
#9 /home/inditclx/public_html/wp-inc in /home/inditclx/public_html/wp-content/plugins/perzonalization/perzonalization.php on line 671

2020-06-28T14:57:25+00:00 CRITICAL Uncaught Error: Call to a member function get_attributes() on bool in /home/inditclx/public_html/wp-content/plugins/perzonalization/perzonalization.php:671
Stack trace:
#0 /home/inditclx/public_html/wp-includes/class-wp-hook.php(287): {closure}('')
#1 /home/inditclx/public_html/wp-includes/class-wp-hook.php(311): WP_Hook->apply_filters(NULL, Array)
#2 /home/inditclx/public_html/wp-includes/plugin.php(478): WP_Hook->do_action(Array)
#3 /home/inditclx/public_html/wp-includes/general-template.php(2884): do_action('wp_head')
#4 /home/inditclx/public_html/wp-content/themes/woovina/header.php(14): wp_head()
#5 /home/inditclx/public_html/wp-includes/template.php(723): require_once('/home/inditclx/...')
#6 /home/inditclx/public_html/wp-includes/template.php(672): load_template('/home/inditclx/...', true)
#7 /home/inditclx/public_html/wp-includes/general-template.php(41): locate_template(Array, true)
#8 /home/inditclx/public_html/wp-content/themes/woovina/page.php(12): get_header()
#9 /home/inditclx/public_html/wp-inc in /home/inditclx/public_html/wp-content/plugins/perzonalization/perzonalization.php on line 671

2020-06-28T14:58:31+00:00 CRITICAL Uncaught Error: Call to a member function get_attributes() on bool in /home/inditclx/public_html/wp-content/plugins/perzonalization/perzonalization.php:671
Stack trace:
#0 /home/inditclx/public_html/wp-includes/class-wp-hook.php(287): {closure}('')
#1 /home/inditclx/public_html/wp-includes/class-wp-hook.php(311): WP_Hook->apply_filters(NULL, Array)
#2 /home/inditclx/public_html/wp-includes/plugin.php(478): WP_Hook->do_action(Array)
#3 /home/inditclx/public_html/wp-includes/general-template.php(2884): do_action('wp_head')
#4 /home/inditclx/public_html/wp-content/themes/woovina/header.php(14): wp_head()
#5 /home/inditclx/public_html/wp-includes/template.php(723): require_once('/home/inditclx/...')
#6 /home/inditclx/public_html/wp-includes/template.php(672): load_template('/home/inditclx/...', true)
#7 /home/inditclx/public_html/wp-includes/general-template.php(41): locate_template(Array, true)
#8 /home/inditclx/public_html/wp-content/themes/woovina/page.php(12): get_header()
#9 /home/inditclx/public_html/wp-inc in /home/inditclx/public_html/wp-content/plugins/perzonalization/perzonalization.php on line 671

2020-06-28T14:58:38+00:00 CRITICAL Uncaught Error: Call to a member function get_attributes() on bool in /home/inditclx/public_html/wp-content/plugins/perzonalization/perzonalization.php:671
Stack trace:
#0 /home/inditclx/public_html/wp-includes/class-wp-hook.php(287): {closure}('')
#1 /home/inditclx/public_html/wp-includes/class-wp-hook.php(311): WP_Hook->apply_filters(NULL, Array)
#2 /home/inditclx/public_html/wp-includes/plugin.php(478): WP_Hook->do_action(Array)
#3 /home/inditclx/public_html/wp-includes/general-template.php(2884): do_action('wp_head')
#4 /home/inditclx/public_html/wp-content/themes/woovina/header.php(14): wp_head()
#5 /home/inditclx/public_html/wp-includes/template.php(723): require_once('/home/inditclx/...')
#6 /home/inditclx/public_html/wp-includes/template.php(672): load_template('/home/inditclx/...', true)
#7 /home/inditclx/public_html/wp-includes/general-template.php(41): locate_template(Array, true)
#8 /home/inditclx/public_html/wp-content/themes/woovina/page.php(12): get_header()
#9 /home/inditclx/public_html/wp-inc in /home/inditclx/public_html/wp-content/plugins/perzonalization/perzonalization.php on line 671

2020-06-28T14:59:31+00:00 CRITICAL Uncaught Error: Call to a member function get_attributes() on bool in /home/inditclx/public_html/wp-content/plugins/perzonalization/perzonalization.php:671
Stack trace:
#0 /home/inditclx/public_html/wp-includes/class-wp-hook.php(287): {closure}('')
#1 /home/inditclx/public_html/wp-includes/class-wp-hook.php(311): WP_Hook->apply_filters(NULL, Array)
#2 /home/inditclx/public_html/wp-includes/plugin.php(478): WP_Hook->do_action(Array)
#3 /home/inditclx/public_html/wp-includes/general-template.php(2884): do_action('wp_head')
#4 /home/inditclx/public_html/wp-content/themes/woovina/header.php(14): wp_head()
#5 /home/inditclx/public_html/wp-includes/template.php(723): require_once('/home/inditclx/...')
#6 /home/inditclx/public_html/wp-includes/template.php(672): load_template('/home/inditclx/...', true)
#7 /home/inditclx/public_html/wp-includes/general-template.php(41): locate_template(Array, true)
#8 /home/inditclx/public_html/wp-content/themes/woovina/page.php(12): get_header()
#9 /home/inditclx/public_html/wp-inc in /home/inditclx/public_html/wp-content/plugins/perzonalization/perzonalization.php on line 671

2020-06-28T14:59:48+00:00 CRITICAL Uncaught Error: Call to a member function get_attributes() on bool in /home/inditclx/public_html/wp-content/plugins/perzonalization/perzonalization.php:671
Stack trace:
#0 /home/inditclx/public_html/wp-includes/class-wp-hook.php(287): {closure}('')
#1 /home/inditclx/public_html/wp-includes/class-wp-hook.php(311): WP_Hook->apply_filters(NULL, Array)
#2 /home/inditclx/public_html/wp-includes/plugin.php(478): WP_Hook->do_action(Array)
#3 /home/inditclx/public_html/wp-includes/general-template.php(2884): do_action('wp_head')
#4 /home/inditclx/public_html/wp-content/themes/woovina/header.php(14): wp_head()
#5 /home/inditclx/public_html/wp-includes/template.php(723): require_once('/home/inditclx/...')
#6 /home/inditclx/public_html/wp-includes/template.php(672): load_template('/home/inditclx/...', true)
#7 /home/inditclx/public_html/wp-includes/general-template.php(41): locate_template(Array, true)
#8 /home/inditclx/public_html/wp-content/themes/woovina/page.php(12): get_header()
#9 /home/inditclx/public_html/wp-inc in /home/inditclx/public_html/wp-content/plugins/perzonalization/perzonalization.php on line 671

2020-06-28T14:59:56+00:00 CRITICAL Uncaught Error: Call to a member function get_attributes() on bool in /home/inditclx/public_html/wp-content/plugins/perzonalization/perzonalization.php:671
Stack trace:
#0 /home/inditclx/public_html/wp-includes/class-wp-hook.php(287): {closure}('')
#1 /home/inditclx/public_html/wp-includes/class-wp-hook.php(311): WP_Hook->apply_filters(NULL, Array)
#2 /home/inditclx/public_html/wp-includes/plugin.php(478): WP_Hook->do_action(Array)
#3 /home/inditclx/public_html/wp-includes/general-template.php(2884): do_action('wp_head')
#4 /home/inditclx/public_html/wp-content/themes/woovina/header.php(14): wp_head()
#5 /home/inditclx/public_html/wp-includes/template.php(723): require_once('/home/inditclx/...')
#6 /home/inditclx/public_html/wp-includes/template.php(672): load_template('/home/inditclx/...', true)
#7 /home/inditclx/public_html/wp-includes/general-template.php(41): locate_template(Array, true)
#8 /home/inditclx/public_html/wp-content/themes/woovina/page.php(12): get_header()
#9 /home/inditclx/public_html/wp-inc in /home/inditclx/public_html/wp-content/plugins/perzonalization/perzonalization.php on line 671

2020-06-28T15:00:32+00:00 CRITICAL Uncaught Error: Call to a member function get_attributes() on bool in /home/inditclx/public_html/wp-content/plugins/perzonalization/perzonalization.php:671
Stack trace:
#0 /home/inditclx/public_html/wp-includes/class-wp-hook.php(287): {closure}('')
#1 /home/inditclx/public_html/wp-includes/class-wp-hook.php(311): WP_Hook->apply_filters(NULL, Array)
#2 /home/inditclx/public_html/wp-includes/plugin.php(478): WP_Hook->do_action(Array)
#3 /home/inditclx/public_html/wp-includes/general-template.php(2884): do_action('wp_head')
#4 /home/inditclx/public_html/wp-content/themes/woovina/header.php(14): wp_head()
#5 /home/inditclx/public_html/wp-includes/template.php(723): require_once('/home/inditclx/...')
#6 /home/inditclx/public_html/wp-includes/template.php(672): load_template('/home/inditclx/...', true)
#7 /home/inditclx/public_html/wp-includes/general-template.php(41): locate_template(Array, true)
#8 /home/inditclx/public_html/wp-content/themes/woovina/page.php(12): get_header()
#9 /home/inditclx/public_html/wp-inc in /home/inditclx/public_html/wp-content/plugins/perzonalization/perzonalization.php on line 671

2020-06-28T15:02:23+00:00 CRITICAL Uncaught Error: Call to a member function get_attributes() on bool in /home/inditclx/public_html/wp-content/plugins/perzonalization/perzonalization.php:671
Stack trace:
#0 /home/inditclx/public_html/wp-includes/class-wp-hook.php(287): {closure}('')
#1 /home/inditclx/public_html/wp-includes/class-wp-hook.php(311): WP_Hook->apply_filters(NULL, Array)
#2 /home/inditclx/public_html/wp-includes/plugin.php(478): WP_Hook->do_action(Array)
#3 /home/inditclx/public_html/wp-includes/general-template.php(2884): do_action('wp_head')
#4 /home/inditclx/public_html/wp-content/themes/woovina/header.php(14): wp_head()
#5 /home/inditclx/public_html/wp-includes/template.php(723): require_once('/home/inditclx/...')
#6 /home/inditclx/public_html/wp-includes/template.php(672): load_template('/home/inditclx/...', true)
#7 /home/inditclx/public_html/wp-includes/general-template.php(41): locate_template(Array, true)
#8 /home/inditclx/public_html/wp-content/themes/woovina/page.php(12): get_header()
#9 /home/inditclx/public_html/wp-inc in /home/inditclx/public_html/wp-content/plugins/perzonalization/perzonalization.php on line 671

2020-06-28T15:04:11+00:00 CRITICAL Uncaught Error: Call to a member function get_attributes() on bool in /home/inditclx/public_html/wp-content/plugins/perzonalization/perzonalization.php:671
Stack trace:
#0 /home/inditclx/public_html/wp-includes/class-wp-hook.php(287): {closure}('')
#1 /home/inditclx/public_html/wp-includes/class-wp-hook.php(311): WP_Hook->apply_filters(NULL, Array)
#2 /home/inditclx/public_html/wp-includes/plugin.php(478): WP_Hook->do_action(Array)
#3 /home/inditclx/public_html/wp-includes/general-template.php(2884): do_action('wp_head')
#4 /home/inditclx/public_html/wp-content/themes/woovina/header.php(14): wp_head()
#5 /home/inditclx/public_html/wp-includes/template.php(723): require_once('/home/inditclx/...')
#6 /home/inditclx/public_html/wp-includes/template.php(672): load_template('/home/inditclx/...', true)
#7 /home/inditclx/public_html/wp-includes/general-template.php(41): locate_template(Array, true)
#8 /home/inditclx/public_html/wp-content/themes/woovina/page.php(12): get_header()
#9 /home/inditclx/public_html/wp-inc in /home/inditclx/public_html/wp-content/plugins/perzonalization/perzonalization.php on line 671

2020-06-28T15:05:09+00:00 CRITICAL Uncaught Error: Call to a member function get_attributes() on bool in /home/inditclx/public_html/wp-content/plugins/perzonalization/perzonalization.php:671
Stack trace:
#0 /home/inditclx/public_html/wp-includes/class-wp-hook.php(287): {closure}('')
#1 /home/inditclx/public_html/wp-includes/class-wp-hook.php(311): WP_Hook->apply_filters(NULL, Array)
#2 /home/inditclx/public_html/wp-includes/plugin.php(478): WP_Hook->do_action(Array)
#3 /home/inditclx/public_html/wp-includes/general-template.php(2884): do_action('wp_head')
#4 /home/inditclx/public_html/wp-content/themes/woovina/header.php(14): wp_head()
#5 /home/inditclx/public_html/wp-includes/template.php(723): require_once('/home/inditclx/...')
#6 /home/inditclx/public_html/wp-includes/template.php(672): load_template('/home/inditclx/...', true)
#7 /home/inditclx/public_html/wp-includes/general-template.php(41): locate_template(Array, true)
#8 /home/inditclx/public_html/wp-content/plugins/elementor/modules/page-templates/templates/header-footer.php(9): get_h in /home/inditclx/public_html/wp-content/plugins/perzonalization/perzonalization.php on line 671

2020-06-28T15:05:31+00:00 CRITICAL Uncaught Error: Call to a member function get_attributes() on bool in /home/inditclx/public_html/wp-content/plugins/perzonalization/perzonalization.php:671
Stack trace:
#0 /home/inditclx/public_html/wp-includes/class-wp-hook.php(287): {closure}('')
#1 /home/inditclx/public_html/wp-includes/class-wp-hook.php(311): WP_Hook->apply_filters(NULL, Array)
#2 /home/inditclx/public_html/wp-includes/plugin.php(478): WP_Hook->do_action(Array)
#3 /home/inditclx/public_html/wp-includes/general-template.php(2884): do_action('wp_head')
#4 /home/inditclx/public_html/wp-content/themes/woovina/header.php(14): wp_head()
#5 /home/inditclx/public_html/wp-includes/template.php(723): require_once('/home/inditclx/...')
#6 /home/inditclx/public_html/wp-includes/template.php(672): load_template('/home/inditclx/...', true)
#7 /home/inditclx/public_html/wp-includes/general-template.php(41): locate_template(Array, true)
#8 /home/inditclx/public_html/wp-content/plugins/elementor/modules/page-templates/templates/header-footer.php(9): get_h in /home/inditclx/public_html/wp-content/plugins/perzonalization/perzonalization.php on line 671

2020-06-28T15:05:52+00:00 CRITICAL Uncaught Error: Call to a member function get_attributes() on bool in /home/inditclx/public_html/wp-content/plugins/perzonalization/perzonalization.php:671
Stack trace:
#0 /home/inditclx/public_html/wp-includes/class-wp-hook.php(287): {closure}('')
#1 /home/inditclx/public_html/wp-includes/class-wp-hook.php(311): WP_Hook->apply_filters(NULL, Array)
#2 /home/inditclx/public_html/wp-includes/plugin.php(478): WP_Hook->do_action(Array)
#3 /home/inditclx/public_html/wp-includes/general-template.php(2884): do_action('wp_head')
#4 /home/inditclx/public_html/wp-content/themes/woovina/header.php(14): wp_head()
#5 /home/inditclx/public_html/wp-includes/template.php(723): require_once('/home/inditclx/...')
#6 /home/inditclx/public_html/wp-includes/template.php(672): load_template('/home/inditclx/...', true)
#7 /home/inditclx/public_html/wp-includes/general-template.php(41): locate_template(Array, true)
#8 /home/inditclx/public_html/wp-content/plugins/elementor/modules/page-templates/templates/header-footer.php(9): get_h in /home/inditclx/public_html/wp-content/plugins/perzonalization/perzonalization.php on line 671

2020-06-28T15:05:52+00:00 CRITICAL Uncaught Error: Call to a member function get_attributes() on bool in /home/inditclx/public_html/wp-content/plugins/perzonalization/perzonalization.php:671
Stack trace:
#0 /home/inditclx/public_html/wp-includes/class-wp-hook.php(287): {closure}('')
#1 /home/inditclx/public_html/wp-includes/class-wp-hook.php(311): WP_Hook->apply_filters(NULL, Array)
#2 /home/inditclx/public_html/wp-includes/plugin.php(478): WP_Hook->do_action(Array)
#3 /home/inditclx/public_html/wp-includes/general-template.php(2884): do_action('wp_head')
#4 /home/inditclx/public_html/wp-content/themes/woovina/header.php(14): wp_head()
#5 /home/inditclx/public_html/wp-includes/template.php(723): require_once('/home/inditclx/...')
#6 /home/inditclx/public_html/wp-includes/template.php(672): load_template('/home/inditclx/...', true)
#7 /home/inditclx/public_html/wp-includes/general-template.php(41): locate_template(Array, true)
#8 /home/inditclx/public_html/wp-content/plugins/elementor/modules/page-templates/templates/header-footer.php(9): get_h in /home/inditclx/public_html/wp-content/plugins/perzonalization/perzonalization.php on line 671

2020-06-28T15:07:27+00:00 CRITICAL Uncaught Error: Call to a member function get_attributes() on bool in /home/inditclx/public_html/wp-content/plugins/perzonalization/perzonalization.php:671
Stack trace:
#0 /home/inditclx/public_html/wp-includes/class-wp-hook.php(287): {closure}('')
#1 /home/inditclx/public_html/wp-includes/class-wp-hook.php(311): WP_Hook->apply_filters(NULL, Array)
#2 /home/inditclx/public_html/wp-includes/plugin.php(478): WP_Hook->do_action(Array)
#3 /home/inditclx/public_html/wp-includes/general-template.php(2884): do_action('wp_head')
#4 /home/inditclx/public_html/wp-content/themes/woovina/header.php(14): wp_head()
#5 /home/inditclx/public_html/wp-includes/template.php(723): require_once('/home/inditclx/...')
#6 /home/inditclx/public_html/wp-includes/template.php(672): load_template('/home/inditclx/...', true)
#7 /home/inditclx/public_html/wp-includes/general-template.php(41): locate_template(Array, true)
#8 /home/inditclx/public_html/wp-content/plugins/elementor/modules/page-templates/templates/header-footer.php(9): get_h in /home/inditclx/public_html/wp-content/plugins/perzonalization/perzonalization.php on line 671

2020-06-28T15:07:31+00:00 CRITICAL Uncaught Error: Call to a member function get_attributes() on bool in /home/inditclx/public_html/wp-content/plugins/perzonalization/perzonalization.php:671
Stack trace:
#0 /home/inditclx/public_html/wp-includes/class-wp-hook.php(287): {closure}('')
#1 /home/inditclx/public_html/wp-includes/class-wp-hook.php(311): WP_Hook->apply_filters(NULL, Array)
#2 /home/inditclx/public_html/wp-includes/plugin.php(478): WP_Hook->do_action(Array)
#3 /home/inditclx/public_html/wp-includes/general-template.php(2884): do_action('wp_head')
#4 /home/inditclx/public_html/wp-content/themes/woovina/header.php(14): wp_head()
#5 /home/inditclx/public_html/wp-includes/template.php(723): require_once('/home/inditclx/...')
#6 /home/inditclx/public_html/wp-includes/template.php(672): load_template('/home/inditclx/...', true)
#7 /home/inditclx/public_html/wp-includes/general-template.php(41): locate_template(Array, true)
#8 /home/inditclx/public_html/wp-content/plugins/elementor/modules/page-templates/templates/header-footer.php(9): get_h in /home/inditclx/public_html/wp-content/plugins/perzonalization/perzonalization.php on line 671

2020-06-28T15:08:43+00:00 CRITICAL Uncaught Error: Call to a member function get_attributes() on bool in /home/inditclx/public_html/wp-content/plugins/perzonalization/perzonalization.php:671
Stack trace:
#0 /home/inditclx/public_html/wp-includes/class-wp-hook.php(287): {closure}('')
#1 /home/inditclx/public_html/wp-includes/class-wp-hook.php(311): WP_Hook->apply_filters(NULL, Array)
#2 /home/inditclx/public_html/wp-includes/plugin.php(478): WP_Hook->do_action(Array)
#3 /home/inditclx/public_html/wp-includes/general-template.php(2884): do_action('wp_head')
#4 /home/inditclx/public_html/wp-content/themes/woovina/header.php(14): wp_head()
#5 /home/inditclx/public_html/wp-includes/template.php(723): require_once('/home/inditclx/...')
#6 /home/inditclx/public_html/wp-includes/template.php(672): load_template('/home/inditclx/...', true)
#7 /home/inditclx/public_html/wp-includes/general-template.php(41): locate_template(Array, true)
#8 /home/inditclx/public_html/wp-content/plugins/elementor/modules/page-templates/templates/header-footer.php(9): get_h in /home/inditclx/public_html/wp-content/plugins/perzonalization/perzonalization.php on line 671

2020-06-28T15:09:38+00:00 CRITICAL Uncaught Error: Call to a member function get_attributes() on bool in /home/inditclx/public_html/wp-content/plugins/perzonalization/perzonalization.php:671
Stack trace:
#0 /home/inditclx/public_html/wp-includes/class-wp-hook.php(287): {closure}('')
#1 /home/inditclx/public_html/wp-includes/class-wp-hook.php(311): WP_Hook->apply_filters(NULL, Array)
#2 /home/inditclx/public_html/wp-includes/plugin.php(478): WP_Hook->do_action(Array)
#3 /home/inditclx/public_html/wp-includes/general-template.php(2884): do_action('wp_head')
#4 /home/inditclx/public_html/wp-content/themes/woovina/header.php(14): wp_head()
#5 /home/inditclx/public_html/wp-includes/template.php(723): require_once('/home/inditclx/...')
#6 /home/inditclx/public_html/wp-includes/template.php(672): load_template('/home/inditclx/...', true)
#7 /home/inditclx/public_html/wp-includes/general-template.php(41): locate_template(Array, true)
#8 /home/inditclx/public_html/wp-content/plugins/elementor/modules/page-templates/templates/header-footer.php(9): get_h in /home/inditclx/public_html/wp-content/plugins/perzonalization/perzonalization.php on line 671

2020-06-28T15:10:59+00:00 CRITICAL Uncaught Error: Call to a member function get_attributes() on bool in /home/inditclx/public_html/wp-content/plugins/perzonalization/perzonalization.php:671
Stack trace:
#0 /home/inditclx/public_html/wp-includes/class-wp-hook.php(287): {closure}('')
#1 /home/inditclx/public_html/wp-includes/class-wp-hook.php(311): WP_Hook->apply_filters(NULL, Array)
#2 /home/inditclx/public_html/wp-includes/plugin.php(478): WP_Hook->do_action(Array)
#3 /home/inditclx/public_html/wp-includes/general-template.php(2884): do_action('wp_head')
#4 /home/inditclx/public_html/wp-content/themes/woovina/header.php(14): wp_head()
#5 /home/inditclx/public_html/wp-includes/template.php(723): require_once('/home/inditclx/...')
#6 /home/inditclx/public_html/wp-includes/template.php(672): load_template('/home/inditclx/...', true)
#7 /home/inditclx/public_html/wp-includes/general-template.php(41): locate_template(Array, true)
#8 /home/inditclx/public_html/wp-content/plugins/elementor/modules/page-templates/templates/header-footer.php(9): get_h in /home/inditclx/public_html/wp-content/plugins/perzonalization/perzonalization.php on line 671

2020-06-28T15:13:03+00:00 CRITICAL Uncaught Error: Call to a member function get_attributes() on bool in /home/inditclx/public_html/wp-content/plugins/perzonalization/perzonalization.php:671
Stack trace:
#0 /home/inditclx/public_html/wp-includes/class-wp-hook.php(287): {closure}('')
#1 /home/inditclx/public_html/wp-includes/class-wp-hook.php(311): WP_Hook->apply_filters(NULL, Array)
#2 /home/inditclx/public_html/wp-includes/plugin.php(478): WP_Hook->do_action(Array)
#3 /home/inditclx/public_html/wp-includes/general-template.php(2884): do_action('wp_head')
#4 /home/inditclx/public_html/wp-content/themes/woovina/header.php(14): wp_head()
#5 /home/inditclx/public_html/wp-includes/template.php(723): require_once('/home/inditclx/...')
#6 /home/inditclx/public_html/wp-includes/template.php(672): load_template('/home/inditclx/...', true)
#7 /home/inditclx/public_html/wp-includes/general-template.php(41): locate_template(Array, true)
#8 /home/inditclx/public_html/wp-content/themes/woovina/404.php(47): get_header()
#9 /home/inditclx/public_html/wp-incl in /home/inditclx/public_html/wp-content/plugins/perzonalization/perzonalization.php on line 671

2020-06-28T15:13:22+00:00 CRITICAL Uncaught Error: Call to a member function get_attributes() on bool in /home/inditclx/public_html/wp-content/plugins/perzonalization/perzonalization.php:671
Stack trace:
#0 /home/inditclx/public_html/wp-includes/class-wp-hook.php(287): {closure}('')
#1 /home/inditclx/public_html/wp-includes/class-wp-hook.php(311): WP_Hook->apply_filters(NULL, Array)
#2 /home/inditclx/public_html/wp-includes/plugin.php(478): WP_Hook->do_action(Array)
#3 /home/inditclx/public_html/wp-includes/general-template.php(2884): do_action('wp_head')
#4 /home/inditclx/public_html/wp-content/themes/woovina/header.php(14): wp_head()
#5 /home/inditclx/public_html/wp-includes/template.php(723): require_once('/home/inditclx/...')
#6 /home/inditclx/public_html/wp-includes/template.php(672): load_template('/home/inditclx/...', true)
#7 /home/inditclx/public_html/wp-includes/general-template.php(41): locate_template(Array, true)
#8 /home/inditclx/public_html/wp-content/plugins/elementor/modules/page-templates/templates/header-footer.php(9): get_h in /home/inditclx/public_html/wp-content/plugins/perzonalization/perzonalization.php on line 671

2020-06-28T15:13:36+00:00 CRITICAL Uncaught Error: Call to a member function get_attributes() on bool in /home/inditclx/public_html/wp-content/plugins/perzonalization/perzonalization.php:671
Stack trace:
#0 /home/inditclx/public_html/wp-includes/class-wp-hook.php(287): {closure}('')
#1 /home/inditclx/public_html/wp-includes/class-wp-hook.php(311): WP_Hook->apply_filters(NULL, Array)
#2 /home/inditclx/public_html/wp-includes/plugin.php(478): WP_Hook->do_action(Array)
#3 /home/inditclx/public_html/wp-includes/general-template.php(2884): do_action('wp_head')
#4 /home/inditclx/public_html/wp-content/themes/woovina/header.php(14): wp_head()
#5 /home/inditclx/public_html/wp-includes/template.php(723): require_once('/home/inditclx/...')
#6 /home/inditclx/public_html/wp-includes/template.php(672): load_template('/home/inditclx/...', true)
#7 /home/inditclx/public_html/wp-includes/general-template.php(41): locate_template(Array, true)
#8 /home/inditclx/public_html/wp-content/themes/woovina/404.php(47): get_header()
#9 /home/inditclx/public_html/wp-incl in /home/inditclx/public_html/wp-content/plugins/perzonalization/perzonalization.php on line 671

2020-06-28T15:13:47+00:00 CRITICAL Uncaught Error: Call to a member function get_attributes() on bool in /home/inditclx/public_html/wp-content/plugins/perzonalization/perzonalization.php:671
Stack trace:
#0 /home/inditclx/public_html/wp-includes/class-wp-hook.php(287): {closure}('')
#1 /home/inditclx/public_html/wp-includes/class-wp-hook.php(311): WP_Hook->apply_filters(NULL, Array)
#2 /home/inditclx/public_html/wp-includes/plugin.php(478): WP_Hook->do_action(Array)
#3 /home/inditclx/public_html/wp-includes/general-template.php(2884): do_action('wp_head')
#4 /home/inditclx/public_html/wp-content/themes/woovina/header.php(14): wp_head()
#5 /home/inditclx/public_html/wp-includes/template.php(723): require_once('/home/inditclx/...')
#6 /home/inditclx/public_html/wp-includes/template.php(672): load_template('/home/inditclx/...', true)
#7 /home/inditclx/public_html/wp-includes/general-template.php(41): locate_template(Array, true)
#8 /home/inditclx/public_html/wp-content/themes/woovina/404.php(47): get_header()
#9 /home/inditclx/public_html/wp-incl in /home/inditclx/public_html/wp-content/plugins/perzonalization/perzonalization.php on line 671

2020-06-28T15:13:48+00:00 CRITICAL Uncaught Error: Call to a member function get_attributes() on bool in /home/inditclx/public_html/wp-content/plugins/perzonalization/perzonalization.php:671
Stack trace:
#0 /home/inditclx/public_html/wp-includes/class-wp-hook.php(287): {closure}('')
#1 /home/inditclx/public_html/wp-includes/class-wp-hook.php(311): WP_Hook->apply_filters(NULL, Array)
#2 /home/inditclx/public_html/wp-includes/plugin.php(478): WP_Hook->do_action(Array)
#3 /home/inditclx/public_html/wp-includes/general-template.php(2884): do_action('wp_head')
#4 /home/inditclx/public_html/wp-content/themes/woovina/header.php(14): wp_head()
#5 /home/inditclx/public_html/wp-includes/template.php(723): require_once('/home/inditclx/...')
#6 /home/inditclx/public_html/wp-includes/template.php(672): load_template('/home/inditclx/...', true)
#7 /home/inditclx/public_html/wp-includes/general-template.php(41): locate_template(Array, true)
#8 /home/inditclx/public_html/wp-content/plugins/elementor/modules/page-templates/templates/header-footer.php(9): get_h in /home/inditclx/public_html/wp-content/plugins/perzonalization/perzonalization.php on line 671

2020-06-28T15:13:57+00:00 CRITICAL Uncaught Error: Call to a member function get_attributes() on bool in /home/inditclx/public_html/wp-content/plugins/perzonalization/perzonalization.php:671
Stack trace:
#0 /home/inditclx/public_html/wp-includes/class-wp-hook.php(287): {closure}('')
#1 /home/inditclx/public_html/wp-includes/class-wp-hook.php(311): WP_Hook->apply_filters(NULL, Array)
#2 /home/inditclx/public_html/wp-includes/plugin.php(478): WP_Hook->do_action(Array)
#3 /home/inditclx/public_html/wp-includes/general-template.php(2884): do_action('wp_head')
#4 /home/inditclx/public_html/wp-content/themes/woovina/header.php(14): wp_head()
#5 /home/inditclx/public_html/wp-includes/template.php(723): require_once('/home/inditclx/...')
#6 /home/inditclx/public_html/wp-includes/template.php(672): load_template('/home/inditclx/...', true)
#7 /home/inditclx/public_html/wp-includes/general-template.php(41): locate_template(Array, true)
#8 /home/inditclx/public_html/wp-content/themes/woovina/404.php(47): get_header()
#9 /home/inditclx/public_html/wp-incl in /home/inditclx/public_html/wp-content/plugins/perzonalization/perzonalization.php on line 671

2020-06-28T15:28:58+00:00 CRITICAL Uncaught Error: Call to a member function get_attributes() on bool in /home/inditclx/public_html/wp-content/plugins/perzonalization/perzonalization.php:671
Stack trace:
#0 /home/inditclx/public_html/wp-includes/class-wp-hook.php(287): {closure}('')
#1 /home/inditclx/public_html/wp-includes/class-wp-hook.php(311): WP_Hook->apply_filters(NULL, Array)
#2 /home/inditclx/public_html/wp-includes/plugin.php(478): WP_Hook->do_action(Array)
#3 /home/inditclx/public_html/wp-includes/general-template.php(2884): do_action('wp_head')
#4 /home/inditclx/public_html/wp-content/themes/woovina/header.php(14): wp_head()
#5 /home/inditclx/public_html/wp-includes/template.php(723): require_once('/home/inditclx/...')
#6 /home/inditclx/public_html/wp-includes/template.php(672): load_template('/home/inditclx/...', true)
#7 /home/inditclx/public_html/wp-includes/general-template.php(41): locate_template(Array, true)
#8 /home/inditclx/public_html/wp-content/plugins/elementor/modules/page-templates/templates/header-footer.php(9): get_h in /home/inditclx/public_html/wp-content/plugins/perzonalization/perzonalization.php on line 671

