2020-06-24T23:41:19+00:00 NOTICE mailchimp-woocommerce-sync.started :: Starting Sync :: Wed, Jun 24, 2020 11:41 PM
2020-06-24T23:41:20+00:00 NOTICE action_scheduler.queue_job :: MailChimp_WooCommerce_Process_Coupons queued :: page 1
2020-06-24T23:41:20+00:00 NOTICE action_scheduler.queue_job :: MailChimp_WooCommerce_Process_Coupons queued :: page 2
2020-06-24T23:42:12+00:00 NOTICE action_scheduler.queue_job :: MailChimp_WooCommerce_SingleCoupon queued :: obj_id 3876
2020-06-24T23:42:14+00:00 NOTICE coupon_sync.completed :: Done with the coupon queueing.
2020-06-24T23:42:14+00:00 NOTICE sync.full_sync_manager.queue :: Starting PRODUCTS queueing.
2020-06-24T23:42:14+00:00 NOTICE action_scheduler.queue_job :: MailChimp_WooCommerce_Process_Products queued :: page 1
2020-06-24T23:42:14+00:00 NOTICE action_scheduler.queue_job :: MailChimp_WooCommerce_Process_Products queued :: page 2
2020-06-24T23:42:17+00:00 NOTICE promo_code_submit.success :: #3876 :: code: apurba
2020-06-24T23:42:17+00:00 NOTICE action_scheduler.queue_job :: MailChimp_WooCommerce_Single_Product queued :: obj_id 1168
2020-06-24T23:42:17+00:00 NOTICE action_scheduler.queue_job :: MailChimp_WooCommerce_Single_Product queued :: obj_id 1172
2020-06-24T23:42:17+00:00 NOTICE action_scheduler.queue_job :: MailChimp_WooCommerce_Single_Product queued :: obj_id 1173
2020-06-24T23:42:17+00:00 NOTICE action_scheduler.queue_job :: MailChimp_WooCommerce_Single_Product queued :: obj_id 1174
2020-06-24T23:42:17+00:00 NOTICE action_scheduler.queue_job :: MailChimp_WooCommerce_Single_Product queued :: obj_id 1175
2020-06-24T23:42:17+00:00 NOTICE action_scheduler.queue_job :: MailChimp_WooCommerce_Single_Product queued :: obj_id 1176
2020-06-24T23:42:17+00:00 NOTICE action_scheduler.queue_job :: MailChimp_WooCommerce_Single_Product queued :: obj_id 1177
2020-06-24T23:42:17+00:00 NOTICE action_scheduler.queue_job :: MailChimp_WooCommerce_Single_Product queued :: obj_id 1178
2020-06-24T23:42:17+00:00 NOTICE action_scheduler.queue_job :: MailChimp_WooCommerce_Single_Product queued :: obj_id 1179
2020-06-24T23:42:17+00:00 NOTICE action_scheduler.queue_job :: MailChimp_WooCommerce_Single_Product queued :: obj_id 1180
2020-06-24T23:42:17+00:00 NOTICE action_scheduler.queue_job :: MailChimp_WooCommerce_Single_Product queued :: obj_id 1182
2020-06-24T23:42:18+00:00 NOTICE action_scheduler.queue_job :: MailChimp_WooCommerce_Single_Product queued :: obj_id 1201
2020-06-24T23:42:18+00:00 NOTICE action_scheduler.queue_job :: MailChimp_WooCommerce_Single_Product queued :: obj_id 1206
2020-06-24T23:42:18+00:00 NOTICE action_scheduler.queue_job :: MailChimp_WooCommerce_Single_Product queued :: obj_id 1207
2020-06-24T23:42:18+00:00 NOTICE action_scheduler.queue_job :: MailChimp_WooCommerce_Single_Product queued :: obj_id 1208
2020-06-24T23:42:18+00:00 NOTICE action_scheduler.queue_job :: MailChimp_WooCommerce_Single_Product queued :: obj_id 3829
2020-06-24T23:42:18+00:00 NOTICE action_scheduler.queue_job :: MailChimp_WooCommerce_Single_Product queued :: obj_id 3858
2020-06-24T23:42:18+00:00 NOTICE action_scheduler.queue_job :: MailChimp_WooCommerce_Single_Product queued :: obj_id 3882
2020-06-24T23:42:18+00:00 NOTICE action_scheduler.queue_job :: MailChimp_WooCommerce_Single_Product queued :: obj_id 3927
2020-06-24T23:42:18+00:00 NOTICE action_scheduler.queue_job :: MailChimp_WooCommerce_Single_Product queued :: obj_id 3931
2020-06-24T23:42:18+00:00 NOTICE action_scheduler.queue_job :: MailChimp_WooCommerce_Single_Product queued :: obj_id 3935
2020-06-24T23:42:18+00:00 NOTICE action_scheduler.queue_job :: MailChimp_WooCommerce_Single_Product queued :: obj_id 3939
2020-06-24T23:42:18+00:00 NOTICE action_scheduler.queue_job :: MailChimp_WooCommerce_Single_Product queued :: obj_id 3943
2020-06-24T23:42:20+00:00 NOTICE product_sync.completed :: Done with the product queuing
2020-06-24T23:42:21+00:00 NOTICE product_submit.success :: addStoreProduct :: #1168
2020-06-24T23:42:22+00:00 NOTICE product_submit.success :: addStoreProduct :: #1172
2020-06-24T23:42:23+00:00 NOTICE product_submit.success :: addStoreProduct :: #1173
2020-06-24T23:42:24+00:00 NOTICE product_submit.success :: addStoreProduct :: #1174
2020-06-24T23:42:25+00:00 NOTICE product_submit.success :: addStoreProduct :: #1175
2020-06-24T23:42:25+00:00 NOTICE product_submit.success :: addStoreProduct :: #1176
2020-06-24T23:42:26+00:00 NOTICE product_submit.success :: addStoreProduct :: #1177
2020-06-24T23:42:28+00:00 NOTICE product_submit.success :: addStoreProduct :: #1178
2020-06-24T23:42:30+00:00 NOTICE product_submit.success :: addStoreProduct :: #1179
2020-06-24T23:42:32+00:00 NOTICE product_submit.success :: addStoreProduct :: #1180
2020-06-24T23:42:34+00:00 NOTICE product_submit.success :: addStoreProduct :: #1182
2020-06-24T23:42:36+00:00 NOTICE product_submit.success :: addStoreProduct :: #1201
2020-06-24T23:42:37+00:00 NOTICE product_submit.success :: addStoreProduct :: #1206
2020-06-24T23:43:06+00:00 NOTICE product_submit.success :: addStoreProduct :: #1207
2020-06-24T23:43:07+00:00 NOTICE product_submit.success :: addStoreProduct :: #1208
2020-06-24T23:43:08+00:00 NOTICE product_submit.success :: addStoreProduct :: #3829
2020-06-24T23:43:09+00:00 NOTICE product_submit.success :: addStoreProduct :: #3858
2020-06-24T23:43:10+00:00 NOTICE product_submit.success :: addStoreProduct :: #3882
2020-06-24T23:43:11+00:00 NOTICE product_submit.success :: addStoreProduct :: #3927
2020-06-24T23:43:12+00:00 NOTICE product_submit.success :: addStoreProduct :: #3931
2020-06-24T23:43:13+00:00 NOTICE product_submit.success :: addStoreProduct :: #3935
2020-06-24T23:43:14+00:00 NOTICE product_submit.success :: addStoreProduct :: #3939
2020-06-24T23:43:15+00:00 NOTICE product_submit.success :: addStoreProduct :: #3943
2020-06-24T23:43:15+00:00 NOTICE action_scheduler.queue_job :: MailChimp_WooCommerce_Process_Orders queued :: page 1
2020-06-24T23:43:17+00:00 NOTICE order_sync.completed :: Done with the order queueing.
2020-06-24T23:43:43+00:00 NOTICE sync.completed :: Finished Sync :: Wed, Jun 24, 2020 11:43 PM (total time: 00:02:24)
