2020-07-02T16:36:41+00:00 NOTICE action_scheduler.queue_job :: MailChimp_WooCommerce_Single_Order starts in 90 seconds :: obj_id 4297
2020-07-02T16:36:42+00:00 NOTICE debug :: Order ID 4297 was completed and is now refund-requested :: Array
(
    [new_order] => 
    [tracking] => 
)

2020-07-02T16:38:26+00:00 NOTICE order.member.updated :: Updated tan.sam67@gmail.com subscriber status to transactional and language to 
2020-07-02T16:38:26+00:00 NOTICE order_submit.success :: updateStoreOrder :: #4297 :: email: tan.sam67@gmail.com
2020-07-02T17:24:40+00:00 NOTICE action_scheduler.queue_job :: MailChimp_WooCommerce_User_Submit queued :: obj_id 12
2020-07-02T17:25:14+00:00 NOTICE member.sync :: Subscribed Member munshi.shiladitya@gmail.com :: Array
(
    [status_if_new] => 1
    [merge_fields] => Array
        (
            [FNAME] => Shiladitya
            [LNAME] => Munshi
        )

)

2020-07-02T18:17:57+00:00 NOTICE debug :: Order ID 4498 was completed and is now delivered :: Array
(
    [new_order] => 
    [tracking] => 
)

2020-07-02T18:17:57+00:00 NOTICE action_scheduler.queue_job :: MailChimp_WooCommerce_Single_Order starts in 90 seconds :: obj_id 4498
2020-07-02T18:20:12+00:00 NOTICE order.member.updated :: Updated tan.sam67@gmail.com subscriber status to transactional and language to 
2020-07-02T18:20:12+00:00 NOTICE order_submit.success :: updateStoreOrder :: #4498 :: email: tan.sam67@gmail.com
