2020-06-28T07:26:13+00:00 NOTICE action_scheduler.queue_job :: MailChimp_WooCommerce_Single_Order starts in 90 seconds :: obj_id 4274
2020-06-28T07:26:24+00:00 NOTICE debug :: Order ID 4274 was pending and is now processing :: Array
(
    [new_order] => 1
    [tracking] => Array
        (
            [campaign_id] => 
            [landing_site] => https://inditribes.co.in/wp-admin/admin-ajax.php?_fs_blog_admin=true
        )

)

2020-06-28T07:28:55+00:00 NOTICE order.member.updated :: Updated sohamroy007@rediff.com subscriber status to subscribed and language to en
2020-06-28T07:28:55+00:00 NOTICE order_submit.success :: addStoreOrder :: #4274 :: email: sohamroy007@rediff.com :: landing site https://inditribes.co.in/wp-admin/admin-ajax.php?_fs_blog_admin=true
2020-06-28T08:39:41+00:00 NOTICE action_scheduler.queue_job :: MailChimp_WooCommerce_User_Submit queued :: obj_id 1
2020-06-28T08:39:42+00:00 NOTICE action_scheduler.queue_job :: MailChimp_WooCommerce_Single_Order starts in 90 seconds :: obj_id 4275
2020-06-28T08:39:52+00:00 NOTICE debug :: Order ID 4275 was pending and is now processing :: Array
(
    [new_order] => 1
    [tracking] => Array
        (
            [campaign_id] => 
            [landing_site] => https://inditribes.co.in/?wc-ajax=get_refreshed_fragments
        )

)

2020-06-28T08:40:11+00:00 NOTICE member.sync :: Subscribed Member admin@inditribes.co.in :: Array
(
    [status_if_new] => 1
    [merge_fields] => Array
        (
            [FNAME] => Soham
            [LNAME] => Roy
        )

)

2020-06-28T08:42:30+00:00 NOTICE order.member.updated :: Updated sohamroy007@rediff.com subscriber status to subscribed and language to en
2020-06-28T08:42:30+00:00 NOTICE order_submit.success :: addStoreOrder :: #4275 :: email: sohamroy007@rediff.com :: landing site https://inditribes.co.in/?wc-ajax=get_refreshed_fragments
2020-06-28T08:52:56+00:00 NOTICE action_scheduler.queue_job :: MailChimp_WooCommerce_Cart_Update queued :: obj_id dd0da8fd2246c178f1bd79641817e8d1
2020-06-28T08:53:07+00:00 ERROR abandoned_cart.error :: email: aneekneel1234@gmail.com :: attempting product update :: A product with the provided ID does not exist in the account for this list.
2020-06-28T08:53:08+00:00 ERROR abandoned_cart.error :: Error Code 400 :: A product with the provided ID does not exist in the account for this list. on 1839 in /home/inditclx/public_html/wp-content/plugins/mailchimp-for-woocommerce/includes/api/class-mailchimp-api.php
2020-06-28T08:53:35+00:00 NOTICE action_scheduler.queue_job :: MailChimp_WooCommerce_User_Submit queued :: obj_id 8
2020-06-28T08:53:35+00:00 NOTICE action_scheduler.queue_job :: MailChimp_WooCommerce_Single_Order starts in 90 seconds :: obj_id 4276
2020-06-28T08:53:45+00:00 NOTICE debug :: Order ID 4276 was pending and is now processing :: Array
(
    [new_order] => 1
    [tracking] => Array
        (
            [campaign_id] => 
            [landing_site] => https://inditribes.co.in/wp-json/wishlist/v1/products
        )

)

2020-06-28T08:54:14+00:00 NOTICE member.sync :: Updated Member aneekneel1234@gmail.com ( merge fields only ) :: Array
(
    [merge_fields] => Array
        (
            [FNAME] => Anik
            [LNAME] => Chakraborti
        )

)

2020-06-28T11:25:44+00:00 NOTICE order.member.updated :: Updated aneekneel1234@gmail.com subscriber status to subscribed and language to en
2020-06-28T11:25:44+00:00 NOTICE order_submit.success :: addStoreOrder :: #4276 :: email: aneekneel1234@gmail.com :: landing site https://inditribes.co.in/wp-json/wishlist/v1/products
2020-06-28T14:00:54+00:00 NOTICE action_scheduler.queue_job :: MailChimp_WooCommerce_User_Submit queued :: obj_id 1
2020-06-28T14:00:54+00:00 NOTICE action_scheduler.queue_job :: MailChimp_WooCommerce_Single_Order starts in 90 seconds :: obj_id 4279
2020-06-28T14:01:05+00:00 NOTICE debug :: Order ID 4279 was pending and is now processing :: Array
(
    [new_order] => 1
    [tracking] => Array
        (
            [campaign_id] => 
            [landing_site] => https://inditribes.co.in/?wc-ajax=get_refreshed_fragments
        )

)

2020-06-28T14:01:06+00:00 NOTICE member.sync :: Updated Member admin@inditribes.co.in ( merge fields only ) :: Array
(
    [merge_fields] => Array
        (
            [FNAME] => Soham
            [LNAME] => Roy
        )

)

2020-06-28T14:03:10+00:00 NOTICE order.member.updated :: Updated tan.sam67@gmail.com subscriber status to transactional and language to en
2020-06-28T14:03:10+00:00 NOTICE order_submit.success :: addStoreOrder :: #4279 :: email: tan.sam67@gmail.com :: landing site https://inditribes.co.in/?wc-ajax=get_refreshed_fragments
2020-06-28T15:32:11+00:00 NOTICE action_scheduler.queue_job :: MailChimp_WooCommerce_User_Submit queued :: obj_id 1
2020-06-28T15:32:11+00:00 NOTICE action_scheduler.queue_job :: MailChimp_WooCommerce_Single_Order starts in 90 seconds :: obj_id 4295
2020-06-28T15:32:18+00:00 NOTICE member.sync :: Updated Member admin@inditribes.co.in ( merge fields only ) :: Array
(
    [merge_fields] => Array
        (
            [FNAME] => Soham
            [LNAME] => Roy
        )

)

2020-06-28T15:32:34+00:00 NOTICE debug :: Order ID 4295 was pending and is now processing :: Array
(
    [new_order] => 1
    [tracking] => Array
        (
            [campaign_id] => 
            [landing_site] => https://inditribes.co.in/?wc-ajax=get_refreshed_fragments
        )

)

2020-06-28T15:34:35+00:00 NOTICE order.member.updated :: Updated tan.sam67@gmail.com subscriber status to transactional and language to en
2020-06-28T15:34:35+00:00 NOTICE order_submit.success :: addStoreOrder :: #4295 :: email: tan.sam67@gmail.com :: landing site https://inditribes.co.in/?wc-ajax=get_refreshed_fragments
2020-06-28T15:35:13+00:00 NOTICE action_scheduler.queue_job :: MailChimp_WooCommerce_User_Submit queued :: obj_id 1
2020-06-28T15:35:14+00:00 NOTICE action_scheduler.queue_job :: MailChimp_WooCommerce_Single_Order starts in 90 seconds :: obj_id 4297
2020-06-28T15:35:26+00:00 NOTICE debug :: Order ID 4297 was pending and is now processing :: Array
(
    [new_order] => 1
    [tracking] => Array
        (
            [campaign_id] => 
            [landing_site] => https://inditribes.co.in/?wc-ajax=get_refreshed_fragments
        )

)

2020-06-28T15:35:30+00:00 NOTICE member.sync :: Updated Member admin@inditribes.co.in ( merge fields only ) :: Array
(
    [merge_fields] => Array
        (
            [FNAME] => Soham
            [LNAME] => Roy
        )

)

2020-06-28T15:37:11+00:00 NOTICE order.member.updated :: Updated tan.sam67@gmail.com subscriber status to transactional and language to en
2020-06-28T15:37:11+00:00 NOTICE order_submit.success :: addStoreOrder :: #4297 :: email: tan.sam67@gmail.com :: landing site https://inditribes.co.in/?wc-ajax=get_refreshed_fragments
2020-06-28T16:48:27+00:00 NOTICE action_scheduler.queue_job :: MailChimp_WooCommerce_User_Submit queued :: obj_id 1
2020-06-28T16:48:27+00:00 NOTICE action_scheduler.queue_job :: MailChimp_WooCommerce_Single_Order starts in 90 seconds :: obj_id 4324
2020-06-28T16:48:35+00:00 NOTICE debug :: Order ID 4324 was pending and is now processing :: Array
(
    [new_order] => 1
    [tracking] => Array
        (
            [campaign_id] => 
            [landing_site] => https://inditribes.co.in/wp-admin/admin-ajax.php?_fs_blog_admin=true
        )

)

2020-06-28T16:49:08+00:00 NOTICE member.sync :: Updated Member admin@inditribes.co.in ( merge fields only ) :: Array
(
    [merge_fields] => Array
        (
            [FNAME] => Soham
            [LNAME] => Roy
        )

)

2020-06-28T16:50:16+00:00 NOTICE order.member.updated :: Updated tan.sam67@gmail.com subscriber status to transactional and language to en
2020-06-28T16:50:16+00:00 NOTICE order_submit.success :: addStoreOrder :: #4324 :: email: tan.sam67@gmail.com :: landing site https://inditribes.co.in/wp-admin/admin-ajax.php?_fs_blog_admin=true
2020-06-28T16:50:40+00:00 NOTICE action_scheduler.queue_job :: MailChimp_WooCommerce_User_Submit queued :: obj_id 1
2020-06-28T16:50:40+00:00 NOTICE action_scheduler.queue_job :: MailChimp_WooCommerce_Single_Order starts in 90 seconds :: obj_id 4325
2020-06-28T16:50:49+00:00 NOTICE debug :: Order ID 4325 was pending and is now processing :: Array
(
    [new_order] => 1
    [tracking] => Array
        (
            [campaign_id] => 
            [landing_site] => https://inditribes.co.in/wp-admin/admin-ajax.php?_fs_blog_admin=true
        )

)

2020-06-28T16:51:06+00:00 NOTICE member.sync :: Updated Member admin@inditribes.co.in ( merge fields only ) :: Array
(
    [merge_fields] => Array
        (
            [FNAME] => Soham
            [LNAME] => Roy
        )

)

2020-06-28T16:52:20+00:00 NOTICE order.member.updated :: Updated soham6177@gmail.com subscriber status to transactional and language to en
2020-06-28T16:52:20+00:00 NOTICE order_submit.success :: addStoreOrder :: #4325 :: email: soham6177@gmail.com :: landing site https://inditribes.co.in/wp-admin/admin-ajax.php?_fs_blog_admin=true
2020-06-28T17:05:05+00:00 NOTICE action_scheduler.queue_job :: MailChimp_WooCommerce_Single_Order starts in 90 seconds :: obj_id 4325
2020-06-28T17:05:06+00:00 NOTICE debug :: Order ID 4325 was processing and is now cancel-request :: Array
(
    [new_order] => 
    [tracking] => 
)

2020-06-28T17:06:44+00:00 NOTICE debug :: Order ID 4325 was cancel-request and is now cancelled :: Array
(
    [new_order] => 
    [tracking] => 
)

2020-06-28T17:08:25+00:00 NOTICE order.member.updated :: Updated soham6177@gmail.com subscriber status to transactional and language to 
2020-06-28T17:08:25+00:00 NOTICE order_submit.success :: updateStoreOrder :: #4325 :: email: soham6177@gmail.com
2020-06-28T17:24:52+00:00 NOTICE debug :: Order ID 4324 was processing and is now pending :: Array
(
    [new_order] => 
    [tracking] => 
)

2020-06-28T17:24:52+00:00 NOTICE action_scheduler.queue_job :: MailChimp_WooCommerce_Single_Order starts in 90 seconds :: obj_id 4324
2020-06-28T17:26:41+00:00 NOTICE order.member.updated :: Updated tan.sam67@gmail.com subscriber status to transactional and language to 
2020-06-28T17:26:41+00:00 NOTICE order_submit.success :: updateStoreOrder :: #4324 :: email: tan.sam67@gmail.com
2020-06-28T17:39:25+00:00 NOTICE action_scheduler.queue_job :: MailChimp_WooCommerce_User_Submit queued :: obj_id 1
2020-06-28T17:39:25+00:00 NOTICE action_scheduler.queue_job :: MailChimp_WooCommerce_Single_Order starts in 90 seconds :: obj_id 4331
2020-06-28T17:39:34+00:00 NOTICE debug :: Order ID 4331 was pending and is now processing :: Array
(
    [new_order] => 1
    [tracking] => Array
        (
            [campaign_id] => 
            [landing_site] => https://inditribes.co.in/wp-admin/admin-ajax.php?_fs_blog_admin=true
        )

)

2020-06-28T17:40:02+00:00 NOTICE member.sync :: Updated Member admin@inditribes.co.in ( merge fields only ) :: Array
(
    [merge_fields] => Array
        (
            [FNAME] => Soham
            [LNAME] => Roy
        )

)

2020-06-28T17:41:21+00:00 NOTICE order.member.updated :: Updated soham6177@gmail.com subscriber status to transactional and language to en
2020-06-28T17:41:21+00:00 NOTICE order_submit.success :: addStoreOrder :: #4331 :: email: soham6177@gmail.com :: landing site https://inditribes.co.in/wp-admin/admin-ajax.php?_fs_blog_admin=true
2020-06-28T18:32:33+00:00 NOTICE action_scheduler.queue_job :: MailChimp_WooCommerce_Single_Order starts in 90 seconds :: obj_id 4324
2020-06-28T18:32:33+00:00 NOTICE debug :: Order ID 4324 was pending and is now cancelled :: Array
(
    [new_order] => 
    [tracking] => 
)

2020-06-28T18:34:09+00:00 NOTICE order.member.updated :: Updated tan.sam67@gmail.com subscriber status to transactional and language to 
2020-06-28T18:34:09+00:00 NOTICE order_submit.success :: updateStoreOrder :: #4324 :: email: tan.sam67@gmail.com
2020-06-28T18:38:40+00:00 NOTICE action_scheduler.queue_job :: MailChimp_WooCommerce_Single_Order starts in 90 seconds :: obj_id 4331
2020-06-28T18:38:41+00:00 NOTICE debug :: Order ID 4331 was processing and is now cancel-request :: Array
(
    [new_order] => 
    [tracking] => 
)

2020-06-28T18:40:47+00:00 NOTICE order.member.updated :: Updated soham6177@gmail.com subscriber status to transactional and language to 
2020-06-28T18:40:47+00:00 NOTICE order_submit.success :: updateStoreOrder :: #4331 :: email: soham6177@gmail.com
2020-06-28T18:44:58+00:00 NOTICE action_scheduler.queue_job :: MailChimp_WooCommerce_Single_Order starts in 90 seconds :: obj_id 4331
2020-06-28T18:44:58+00:00 NOTICE debug :: Order ID 4331 was cancel-request and is now cancelled :: Array
(
    [new_order] => 
    [tracking] => 
)

2020-06-28T18:46:45+00:00 NOTICE order.member.updated :: Updated soham6177@gmail.com subscriber status to transactional and language to 
2020-06-28T18:46:45+00:00 NOTICE order_submit.success :: updateStoreOrder :: #4331 :: email: soham6177@gmail.com
2020-06-28T18:47:06+00:00 NOTICE action_scheduler.queue_job :: MailChimp_WooCommerce_Single_Order starts in 90 seconds :: obj_id 4297
2020-06-28T18:47:06+00:00 NOTICE action_scheduler.queue_job :: MailChimp_WooCommerce_User_Submit queued :: obj_id 1
2020-06-28T18:47:07+00:00 NOTICE debug :: Order ID 4297 was processing and is now completed :: Array
(
    [new_order] => 
    [tracking] => 
)

2020-06-28T18:47:12+00:00 NOTICE member.sync :: Updated Member admin@inditribes.co.in ( merge fields only ) :: Array
(
    [merge_fields] => Array
        (
            [FNAME] => Soham
            [LNAME] => Roy
        )

)

2020-06-28T18:49:18+00:00 NOTICE order.member.updated :: Updated tan.sam67@gmail.com subscriber status to transactional and language to 
2020-06-28T18:49:18+00:00 NOTICE order_submit.success :: updateStoreOrder :: #4297 :: email: tan.sam67@gmail.com
2020-06-28T18:51:25+00:00 NOTICE debug :: Order ID 4295 was processing and is now completed :: Array
(
    [new_order] => 
    [tracking] => 
)

2020-06-28T18:51:25+00:00 NOTICE action_scheduler.queue_job :: MailChimp_WooCommerce_Single_Order starts in 90 seconds :: obj_id 4295
2020-06-28T18:54:28+00:00 NOTICE order.member.updated :: Updated tan.sam67@gmail.com subscriber status to transactional and language to 
2020-06-28T18:54:28+00:00 NOTICE order_submit.success :: updateStoreOrder :: #4295 :: email: tan.sam67@gmail.com
2020-06-28T20:25:32+00:00 NOTICE action_scheduler.queue_job :: MailChimp_WooCommerce_User_Submit queued :: obj_id 1
2020-06-28T20:25:32+00:00 NOTICE action_scheduler.queue_job :: MailChimp_WooCommerce_Single_Order starts in 90 seconds :: obj_id 4385
2020-06-28T20:25:37+00:00 NOTICE member.sync :: Updated Member admin@inditribes.co.in ( merge fields only ) :: Array
(
    [merge_fields] => Array
        (
            [FNAME] => Soham
            [LNAME] => Roy
        )

)

2020-06-28T20:28:01+00:00 NOTICE order_sumbit :: #4385 has a financial status of pending and was skipped.
2020-06-28T20:34:27+00:00 NOTICE action_scheduler.queue_job :: MailChimp_WooCommerce_Single_Order starts in 90 seconds :: obj_id 4385
2020-06-28T20:34:27+00:00 NOTICE debug :: Order ID 4385 was pending and is now cancelled :: Array
(
    [new_order] => 
    [tracking] => 
)

2020-06-28T20:35:49+00:00 NOTICE action_scheduler.queue_job :: MailChimp_WooCommerce_User_Submit queued :: obj_id 1
2020-06-28T20:35:50+00:00 NOTICE action_scheduler.queue_job :: MailChimp_WooCommerce_Single_Order starts in 90 seconds :: obj_id 4386
2020-06-28T20:36:10+00:00 NOTICE order_sumbit :: #4385 has a financial status of cancelled and was skipped.
2020-06-28T20:36:11+00:00 NOTICE member.sync :: Updated Member admin@inditribes.co.in ( merge fields only ) :: Array
(
    [merge_fields] => Array
        (
            [FNAME] => Soham
            [LNAME] => Roy
        )

)

2020-06-28T20:38:11+00:00 NOTICE order_sumbit :: #4386 has a financial status of pending and was skipped.
2020-06-28T20:44:37+00:00 NOTICE action_scheduler.queue_job :: MailChimp_WooCommerce_User_Submit queued :: obj_id 1
2020-06-28T20:44:37+00:00 NOTICE action_scheduler.queue_job :: MailChimp_WooCommerce_Single_Order starts in 90 seconds :: obj_id 4387
2020-06-28T20:45:15+00:00 NOTICE member.sync :: Updated Member admin@inditribes.co.in ( merge fields only ) :: Array
(
    [merge_fields] => Array
        (
            [FNAME] => Soham
            [LNAME] => Roy
        )

)

2020-06-28T20:46:17+00:00 NOTICE order_sumbit :: #4387 has a financial status of pending and was skipped.
2020-06-28T20:53:02+00:00 NOTICE action_scheduler.queue_job :: MailChimp_WooCommerce_Single_Order starts in 90 seconds :: obj_id 4387
2020-06-28T20:53:02+00:00 NOTICE debug :: Order ID 4387 was pending and is now cancelled :: Array
(
    [new_order] => 
    [tracking] => 
)

2020-06-28T20:53:24+00:00 NOTICE action_scheduler.queue_job :: MailChimp_WooCommerce_User_Submit queued :: obj_id 1
2020-06-28T20:53:24+00:00 NOTICE action_scheduler.queue_job :: MailChimp_WooCommerce_Single_Order starts in 90 seconds :: obj_id 4388
2020-06-28T20:55:13+00:00 NOTICE order_sumbit :: #4387 has a financial status of cancelled and was skipped.
2020-06-28T20:55:14+00:00 NOTICE member.sync :: Updated Member admin@inditribes.co.in ( merge fields only ) :: Array
(
    [merge_fields] => Array
        (
            [FNAME] => Soham
            [LNAME] => Roy
        )

)

2020-06-28T20:55:16+00:00 NOTICE order_sumbit :: #4388 has a financial status of pending and was skipped.
2020-06-28T20:55:29+00:00 NOTICE action_scheduler.queue_job :: MailChimp_WooCommerce_Single_Order starts in 90 seconds :: obj_id 4388
2020-06-28T20:55:29+00:00 NOTICE debug :: Order ID 4388 was pending and is now cancelled :: Array
(
    [new_order] => 
    [tracking] => 
)

2020-06-28T20:56:04+00:00 NOTICE action_scheduler.queue_job :: MailChimp_WooCommerce_User_Submit queued :: obj_id 1
2020-06-28T20:56:04+00:00 NOTICE action_scheduler.queue_job :: MailChimp_WooCommerce_Single_Order starts in 90 seconds :: obj_id 4389
2020-06-28T20:56:09+00:00 NOTICE member.sync :: Updated Member admin@inditribes.co.in ( merge fields only ) :: Array
(
    [merge_fields] => Array
        (
            [FNAME] => Soham
            [LNAME] => Roy
        )

)

2020-06-28T20:57:16+00:00 NOTICE order_sumbit :: #4388 has a financial status of cancelled and was skipped.
2020-06-28T20:58:44+00:00 NOTICE order_sumbit :: #4389 has a financial status of pending and was skipped.
2020-06-28T20:59:41+00:00 NOTICE action_scheduler.queue_job :: MailChimp_WooCommerce_Single_Order starts in 90 seconds :: obj_id 4389
2020-06-28T20:59:41+00:00 NOTICE debug :: Order ID 4389 was pending and is now cancelled :: Array
(
    [new_order] => 
    [tracking] => 
)

2020-06-28T21:01:16+00:00 NOTICE order_sumbit :: #4389 has a financial status of cancelled and was skipped.
2020-06-28T21:03:24+00:00 NOTICE action_scheduler.queue_job :: MailChimp_WooCommerce_Single_Order queued :: obj_id 4279
2020-06-28T21:03:32+00:00 NOTICE order.member.updated :: Updated tan.sam67@gmail.com subscriber status to transactional and language to 
2020-06-28T21:03:32+00:00 NOTICE order_submit.success :: updateStoreOrder :: #4279 :: email: tan.sam67@gmail.com
2020-06-28T21:04:42+00:00 NOTICE action_scheduler.queue_job :: MailChimp_WooCommerce_Single_Order starts in 90 seconds :: obj_id 4279
2020-06-28T21:04:42+00:00 NOTICE debug :: Order ID 4279 was processing and is now refunded :: Array
(
    [new_order] => 
    [tracking] => 
)

2020-06-28T21:06:20+00:00 NOTICE order.member.updated :: Updated tan.sam67@gmail.com subscriber status to transactional and language to 
2020-06-28T21:06:20+00:00 NOTICE order_submit.success :: updateStoreOrder :: #4279 :: email: tan.sam67@gmail.com
2020-06-28T21:15:32+00:00 NOTICE action_scheduler.queue_job :: MailChimp_WooCommerce_Single_Order starts in 90 seconds :: obj_id 3902
2020-06-28T21:15:33+00:00 NOTICE debug :: Order ID 3902 was processing and is now completed :: Array
(
    [new_order] => 
    [tracking] => 
)

2020-06-28T21:16:07+00:00 NOTICE action_scheduler.queue_job :: MailChimp_WooCommerce_Single_Order starts in 90 seconds :: obj_id 4276
2020-06-28T21:16:07+00:00 NOTICE action_scheduler.queue_job :: MailChimp_WooCommerce_User_Submit queued :: obj_id 8
2020-06-28T21:16:08+00:00 NOTICE debug :: Order ID 4276 was processing and is now completed :: Array
(
    [new_order] => 
    [tracking] => 
)

2020-06-28T21:16:19+00:00 NOTICE action_scheduler.queue_job :: MailChimp_WooCommerce_Single_Order starts in 90 seconds :: obj_id 4275
2020-06-28T21:16:20+00:00 NOTICE debug :: Order ID 4275 was processing and is now completed :: Array
(
    [new_order] => 
    [tracking] => 
)

2020-06-28T21:16:28+00:00 NOTICE action_scheduler.queue_job :: MailChimp_WooCommerce_Single_Order starts in 90 seconds :: obj_id 3903
2020-06-28T21:16:28+00:00 NOTICE debug :: Order ID 3903 was processing and is now completed :: Array
(
    [new_order] => 
    [tracking] => 
)

2020-06-28T21:16:53+00:00 NOTICE member.sync :: Updated Member aneekneel1234@gmail.com ( merge fields only ) :: Array
(
    [merge_fields] => Array
        (
            [FNAME] => Anik
            [LNAME] => Chakraborti
        )

)

2020-06-28T21:17:24+00:00 NOTICE order.member.updated :: Updated sohamroy007@rediff.com subscriber status to subscribed and language to 
2020-06-28T21:17:24+00:00 NOTICE order_submit.success :: addStoreOrder :: #3902 :: email: sohamroy007@rediff.com :: landing site https://inditribes.co.in/wp-admin/admin-ajax.php
2020-06-28T21:17:57+00:00 NOTICE order.member.updated :: Updated aneekneel1234@gmail.com subscriber status to subscribed and language to 
2020-06-28T21:17:57+00:00 NOTICE order_submit.success :: updateStoreOrder :: #4276 :: email: aneekneel1234@gmail.com
2020-06-28T21:18:01+00:00 NOTICE order.member.updated :: Updated sohamroy007@rediff.com subscriber status to subscribed and language to 
2020-06-28T21:18:01+00:00 NOTICE order_submit.success :: updateStoreOrder :: #4275 :: email: sohamroy007@rediff.com
2020-06-28T21:18:06+00:00 NOTICE order.member.updated :: Updated tan.sam67@gmail.com subscriber status to transactional and language to 
2020-06-28T21:18:06+00:00 NOTICE order_submit.success :: addStoreOrder :: #3903 :: email: tan.sam67@gmail.com :: landing site https://inditribes.co.in/wp-admin/admin-ajax.php
2020-06-28T21:22:11+00:00 NOTICE action_scheduler.queue_job :: MailChimp_WooCommerce_Single_Order starts in 90 seconds :: obj_id 3904
2020-06-28T21:22:12+00:00 NOTICE debug :: Order ID 3904 was processing and is now completed :: Array
(
    [new_order] => 
    [tracking] => 
)

2020-06-28T21:23:58+00:00 NOTICE order.member.updated :: Updated coolapurba05@gmail.com subscriber status to transactional and language to 
2020-06-28T21:23:58+00:00 NOTICE order_submit.success :: addStoreOrder :: #3904 :: email: coolapurba05@gmail.com :: landing site https://inditribes.co.in/wp-admin/admin-ajax.php
2020-06-28T21:46:42+00:00 NOTICE action_scheduler.queue_job :: MailChimp_WooCommerce_User_Submit queued :: obj_id 1
2020-06-28T21:46:42+00:00 NOTICE action_scheduler.queue_job :: MailChimp_WooCommerce_Single_Order starts in 90 seconds :: obj_id 4392
2020-06-28T21:46:44+00:00 NOTICE debug :: Order ID 4392 was pending and is now failed :: Array
(
    [new_order] => 
    [tracking] => 
)

2020-06-28T21:47:40+00:00 NOTICE member.sync :: Updated Member admin@inditribes.co.in ( merge fields only ) :: Array
(
    [merge_fields] => Array
        (
            [FNAME] => Soham
            [LNAME] => Roy
        )

)

2020-06-28T21:47:42+00:00 NOTICE action_scheduler.queue_job :: MailChimp_WooCommerce_User_Submit queued :: obj_id 1
2020-06-28T21:47:52+00:00 NOTICE member.sync :: Updated Member admin@inditribes.co.in ( merge fields only ) :: Array
(
    [merge_fields] => Array
        (
            [FNAME] => Soham
            [LNAME] => Roy
        )

)

2020-06-28T21:49:14+00:00 NOTICE system.debug :: order 4392 is in failed status, and is being skipped for now.
2020-06-28T21:49:28+00:00 NOTICE action_scheduler.queue_job :: MailChimp_WooCommerce_User_Submit queued :: obj_id 1
2020-06-28T21:50:09+00:00 NOTICE member.sync :: Updated Member admin@inditribes.co.in ( merge fields only ) :: Array
(
    [merge_fields] => Array
        (
            [FNAME] => Soham
            [LNAME] => Roy
        )

)

2020-06-28T21:55:46+00:00 NOTICE action_scheduler.queue_job :: MailChimp_WooCommerce_User_Submit queued :: obj_id 1
2020-06-28T21:55:51+00:00 NOTICE action_scheduler.queue_job :: MailChimp_WooCommerce_Single_Order starts in 90 seconds :: obj_id 4392
2020-06-28T21:56:00+00:00 NOTICE debug :: Order ID 4392 was failed and is now processing :: Array
(
    [new_order] => 
    [tracking] => 
)

2020-06-28T21:56:13+00:00 NOTICE member.sync :: Updated Member admin@inditribes.co.in ( merge fields only ) :: Array
(
    [merge_fields] => Array
        (
            [FNAME] => Soham
            [LNAME] => Roy
        )

)

2020-06-28T21:58:00+00:00 NOTICE order.member.updated :: Updated soham6177@gmail.com subscriber status to transactional and language to 
2020-06-28T21:58:00+00:00 NOTICE order_submit.success :: addStoreOrder :: #4392 :: email: soham6177@gmail.com :: landing site https://inditribes.co.in/wp-admin/admin-ajax.php?action=mailchimp_set_user_by_email&email=soham6177@gmail.com&language=en
2020-06-28T22:43:15+00:00 NOTICE action_scheduler.queue_job :: MailChimp_WooCommerce_Single_Order starts in 90 seconds :: obj_id 4386
2020-06-28T22:43:15+00:00 NOTICE debug :: Order ID 4386 was pending and is now cancelled :: Array
(
    [new_order] => 
    [tracking] => 
)

2020-06-28T23:40:03+00:00 NOTICE order_sumbit :: #4386 has a financial status of cancelled and was skipped.
