2020-06-29T04:34:08+00:00 DEBUG SMS:: +918334022615 : Indi Tribes: Product Peacock Indian National Bird Brass Collectible Handicraft showpiece has been approved.
2020-06-29T11:33:58+00:00 DEBUG SMS:: 6290050158 : Indi Tribes: You have received an Order #4498
2020-06-29T11:33:58+00:00 DEBUG SMS:: +918334022615 : Indi Tribes: You have received an Order #4498 for Brass Tribal Lady Working Showpiece (13 cm x 15 cm x 25 cm)
2020-06-29T12:51:26+00:00 DEBUG SMS:: +918334022615 : Indi Tribes: #4498 order status updated to Completed
2020-06-29T14:39:47+00:00 DEBUG SMS:: +918900310618 : Indi Tribes: Product Cotton 1 Piece Cushion Cover with Applique Cut Work Set &#8211; Free Size,Multi-Colour has been approved.
2020-06-29T15:33:44+00:00 DEBUG SMS:: 6290050158 : Indi Tribes: A new product TURMERIC POWDER added by Roy Stores
2020-06-29T15:36:35+00:00 DEBUG SMS:: 6290050158 : Indi Tribes: A new product WHITE ANGORA WOOL &#038; SILK SHAWL added by Roy Stores
2020-06-29T15:43:32+00:00 DEBUG SMS:: 6290050158 : Indi Tribes: A new product HANDCRAFTED COTTON RED KNEE LONG KURTA added by Roy Stores
2020-06-29T15:49:43+00:00 DEBUG SMS:: 6290050158 : Indi Tribes: A new product HANDWOVEN WOOLEN STOLE WITH YAK WOOL BORDER- BLACK &#038; GREY added by Roy Stores
2020-06-29T15:54:13+00:00 DEBUG SMS:: 6290050158 : Indi Tribes: A new product Sale RED &#038; BLACK KALAMKARI SILK SAREE added by Roy Stores
2020-06-29T16:04:32+00:00 DEBUG SMS:: 6290050158 : Indi Tribes: A new product SET OF 2 LAC BLACK &#038; YELLOW BANGLES added by Roy Stores
2020-06-29T17:15:43+00:00 DEBUG SMS:: 6290050158 : Indi Tribes: A new product Ancient Grains Kutki Millet added by Roy Stores
2020-06-29T17:19:40+00:00 DEBUG SMS:: 6290050158 : Indi Tribes: A new product Tibetian Thangka Painting added by Roy Stores
2020-06-29T17:23:20+00:00 DEBUG SMS:: 6290050158 : Indi Tribes: A new product Bhil Painting Paper added by Roy Stores
2020-06-29T17:29:18+00:00 DEBUG SMS:: 6290050158 : Indi Tribes: A new product HANDWOVEN COTTON MULTICOLOR BED COVER added by Roy Stores
2020-06-29T17:32:21+00:00 DEBUG SMS:: 6290050158 : Indi Tribes: A new product HANDCRAFTED COTTON PURPLE CUSHION COVER added by Roy Stores
2020-06-29T19:13:14+00:00 DEBUG SMS:: +918334022615 : Indi Tribes: Product Brass Elephant Rider Showpiece has been approved.
2020-06-29T20:09:03+00:00 DEBUG SMS:: +918334022615 : Indi Tribes: #4392 order status updated to Completed
2020-06-29T20:09:14+00:00 DEBUG SMS:: +918334022615 : Indi Tribes: #4392 order status updated to Completed
2020-06-29T21:17:15+00:00 DEBUG SMS:: +918334022615 : Indi Tribes: #4498 order status updated to Shipped
2020-06-29T21:29:43+00:00 DEBUG SMS:: +918334022615 : Indi Tribes: #4498 order status updated to Dispatched
